{
  "uid" : "7e649235127f9af7",
  "name" : "test_login",
  "fullName" : "seleniumide-tests.test_login_2.TestLogin#test_login",
  "historyId" : "b5e2b3a8178b297ef56f27334468ceb9",
  "time" : {
    "start" : 1626994351307,
    "stop" : 1626998352286,
    "duration" : 4000979
  },
  "status" : "passed",
  "flaky" : false,
  "newFailed" : false,
  "beforeStages" : [ {
    "name" : "xunit_setup_method_fixture_TestLogin",
    "time" : {
      "start" : 1626994350082,
      "stop" : 1626994351295,
      "duration" : 1213
    },
    "status" : "passed",
    "steps" : [ ],
    "attachments" : [ ],
    "parameters" : [ ],
    "stepsCount" : 0,
    "attachmentsCount" : 0,
    "shouldDisplayMessage" : false,
    "hasContent" : false
  } ],
  "afterStages" : [ {
    "name" : "xunit_setup_method_fixture_TestLogin::0",
    "time" : {
      "start" : 1626998352287,
      "stop" : 1626998352342,
      "duration" : 55
    },
    "status" : "passed",
    "steps" : [ ],
    "attachments" : [ ],
    "parameters" : [ ],
    "stepsCount" : 0,
    "attachmentsCount" : 0,
    "shouldDisplayMessage" : false,
    "hasContent" : false
  } ],
  "labels" : [ {
    "name" : "parentSuite",
    "value" : "seleniumide-tests"
  }, {
    "name" : "suite",
    "value" : "test_login_2"
  }, {
    "name" : "subSuite",
    "value" : "TestLogin"
  }, {
    "name" : "host",
    "value" : "fv-az47-710"
  }, {
    "name" : "thread",
    "value" : "4447-MainThread"
  }, {
    "name" : "framework",
    "value" : "pytest"
  }, {
    "name" : "language",
    "value" : "cpython3"
  }, {
    "name" : "package",
    "value" : "seleniumide-tests.test_login_2"
  }, {
    "name" : "resultFormat",
    "value" : "allure2"
  } ],
  "parameters" : [ ],
  "links" : [ ],
  "hidden" : false,
  "retry" : false,
  "extra" : {
    "severity" : "normal",
    "retries" : [ ],
    "categories" : [ ],
    "history" : {
      "statistic" : {
        "failed" : 0,
        "broken" : 2,
        "skipped" : 0,
        "passed" : 2,
        "unknown" : 0,
        "total" : 4
      },
      "items" : [ {
        "uid" : "855ae99244a134b4",
        "reportUrl" : "https://nikoteszt.github.io/conduit/11//#testresult/855ae99244a134b4",
        "status" : "passed",
        "time" : {
          "start" : 1626994176799,
          "stop" : 1626998177675,
          "duration" : 4000876
        }
      }, {
        "uid" : "b1128def472b606a",
        "reportUrl" : "https://nikoteszt.github.io/conduit/10//#testresult/b1128def472b606a",
        "status" : "broken",
        "statusDetails" : "selenium.common.exceptions.NoSuchElementException: Message: no such element: Unable to locate element: {\"method\":\"link text\",\"selector\":\"ntest2\"}\n  (Session info: headless chrome=91.0.4472.164)",
        "time" : {
          "start" : 1626993465935,
          "stop" : 1626993466574,
          "duration" : 639
        }
      }, {
        "uid" : "b2739743d47c4f21",
        "reportUrl" : "https://nikoteszt.github.io/conduit/9//#testresult/b2739743d47c4f21",
        "status" : "broken",
        "statusDetails" : "selenium.common.exceptions.WebDriverException: Message: unknown error: Chrome failed to start: exited abnormally.\n  (unknown error: DevToolsActivePort file doesn't exist)\n  (The process started from chrome location /usr/bin/google-chrome is no longer running, so ChromeDriver is assuming that Chrome has crashed.)",
        "time" : {
          "start" : 1626989084366,
          "stop" : 1626989084366,
          "duration" : 0
        }
      } ]
    },
    "tags" : [ ]
  },
  "source" : "7e649235127f9af7.json",
  "parameterValues" : [ ]
}